app/build/intermediates/manifest_merge_blame_file/debug/processDebugMainManifest/manifest-merger-blame-debug-report.txt
1<?xml version="1.0" encoding="utf-8"?>
2<manifest xmlns:android="http://schemas.android.com/apk/res/android"
3    package="com.temi.rhythmgame"
4    android:versionCode="1"
5    android:versionName="1.0" >
6
7    <uses-sdk
8        android:minSdkVersion="23"
9        android:targetSdkVersion="34" />
10
11    <uses-permission android:name="android.permission.CAMERA" />
11-->src\main\AndroidManifest.xml:4:5-65
11-->src\main\AndroidManifest.xml:4:22-62
12    <uses-permission android:name="android.permission.INTERNET" />
12-->src\main\AndroidManifest.xml:5:5-67
12-->src\main\AndroidManifest.xml:5:22-64
13    <uses-permission android:name="android.permission.SCHEDULE_EXACT_ALARM" />
13-->src\main\AndroidManifest.xml:6:5-79
13-->src\main\AndroidManifest.xml:6:22-76
14    <uses-permission android:name="android.permission.USE_EXACT_ALARM" />
14-->src\main\AndroidManifest.xml:7:5-74
14-->src\main\AndroidManifest.xml:7:22-71
15    <uses-permission android:name="android.permission.WAKE_LOCK" />
15-->src\main\AndroidManifest.xml:8:5-68
15-->src\main\AndroidManifest.xml:8:22-65
16    <uses-permission android:name="android.permission.DISABLE_KEYGUARD" />
16-->src\main\AndroidManifest.xml:9:5-75
16-->src\main\AndroidManifest.xml:9:22-72
17
18    <uses-feature
18-->src\main\AndroidManifest.xml:10:5-85
19        android:name="android.hardware.camera"
19-->src\main\AndroidManifest.xml:10:19-57
20        android:required="false" />
20-->src\main\AndroidManifest.xml:10:58-82
21
22    <uses-permission android:name="android.permission.WRITE_EXTERNAL_STORAGE" />
22-->[com.robotemi:sdk:1.137.1] AndroidManifest.xml:7:5-81
22-->[com.robotemi:sdk:1.137.1] AndroidManifest.xml:7:22-78
23
24    <queries>
24-->[com.robotemi:sdk:1.137.1] AndroidManifest.xml:9:5-12:15
25        <package android:name="com.roboteam.teamy.usa" />
25-->[com.robotemi:sdk:1.137.1] AndroidManifest.xml:10:9-58
25-->[com.robotemi:sdk:1.137.1] AndroidManifest.xml:10:18-55
26        <package android:name="com.roboteam.teamy.china" />
26-->[com.robotemi:sdk:1.137.1] AndroidManifest.xml:11:9-60
26-->[com.robotemi:sdk:1.137.1] AndroidManifest.xml:11:18-57
27    </queries>
28
29    <uses-permission android:name="android.permission.READ_EXTERNAL_STORAGE" /> <!-- Although the *SdkVersion is captured in gradle build files, this is required for non gradle builds -->
30    <!-- <uses-sdk android:minSdkVersion="14"/> -->
31    <uses-permission android:name="android.permission.ACCESS_NETWORK_STATE" />
31-->[com.google.firebase:firebase-database:20.3.1] AndroidManifest.xml:22:5-79
31-->[com.google.firebase:firebase-database:20.3.1] AndroidManifest.xml:22:22-76
32
33    <permission
33-->[androidx.core:core:1.9.0] AndroidManifest.xml:22:5-24:47
34        android:name="com.temi.rhythmgame.DYNAMIC_RECEIVER_NOT_EXPORTED_PERMISSION"
34-->[androidx.core:core:1.9.0] AndroidManifest.xml:23:9-81
35        android:protectionLevel="signature" />
35-->[androidx.core:core:1.9.0] AndroidManifest.xml:24:9-44
36
37    <uses-permission android:name="com.temi.rhythmgame.DYNAMIC_RECEIVER_NOT_EXPORTED_PERMISSION" />
37-->[androidx.core:core:1.9.0] AndroidManifest.xml:26:5-97
37-->[androidx.core:core:1.9.0] AndroidManifest.xml:26:22-94
38
39    <application
39-->src\main\AndroidManifest.xml:12:5-87:19
40        android:allowBackup="true"
40-->src\main\AndroidManifest.xml:13:9-35
41        android:appComponentFactory="androidx.core.app.CoreComponentFactory"
41-->[androidx.core:core:1.9.0] AndroidManifest.xml:28:18-86
42        android:debuggable="true"
43        android:extractNativeLibs="false"
44        android:icon="@mipmap/ic_launcher"
44-->src\main\AndroidManifest.xml:15:9-43
45        android:label="@string/app_name"
45-->src\main\AndroidManifest.xml:16:9-41
46        android:roundIcon="@mipmap/ic_launcher_round"
46-->src\main\AndroidManifest.xml:17:9-54
47        android:supportsRtl="true"
47-->src\main\AndroidManifest.xml:18:9-35
48        android:theme="@style/Theme.TemiRhythmGame"
48-->src\main\AndroidManifest.xml:19:9-52
49        android:usesCleartextTraffic="true" >
49-->src\main\AndroidManifest.xml:14:9-44
50        <activity
50-->src\main\AndroidManifest.xml:21:9-32:20
51            android:name="com.temi.rhythmgame.StartActivity"
51-->src\main\AndroidManifest.xml:22:13-42
52            android:exported="true"
52-->src\main\AndroidManifest.xml:23:13-36
53            android:screenOrientation="landscape" >
53-->src\main\AndroidManifest.xml:24:13-50
54            <intent-filter>
54-->src\main\AndroidManifest.xml:25:13-28:29
55                <action android:name="android.intent.action.MAIN" />
55-->src\main\AndroidManifest.xml:26:17-69
55-->src\main\AndroidManifest.xml:26:25-66
56
57                <category android:name="android.intent.category.LAUNCHER" />
57-->src\main\AndroidManifest.xml:27:17-77
57-->src\main\AndroidManifest.xml:27:27-74
58            </intent-filter>
59
60            <meta-data
60-->src\main\AndroidManifest.xml:29:13-31:40
61                android:name="com.robotemi.sdk.metadata.SKILL"
61-->src\main\AndroidManifest.xml:30:17-63
62                android:value="true" />
62-->src\main\AndroidManifest.xml:31:17-37
63        </activity>
64        <activity
64-->src\main\AndroidManifest.xml:34:9-37:53
65            android:name="com.temi.rhythmgame.PrepareActivity"
65-->src\main\AndroidManifest.xml:35:13-44
66            android:exported="false"
66-->src\main\AndroidManifest.xml:36:13-37
67            android:screenOrientation="landscape" />
67-->src\main\AndroidManifest.xml:37:13-50
68        <activity
68-->src\main\AndroidManifest.xml:39:9-42:53
69            android:name="com.temi.rhythmgame.MainActivity"
69-->src\main\AndroidManifest.xml:40:13-41
70            android:exported="false"
70-->src\main\AndroidManifest.xml:41:13-37
71            android:screenOrientation="landscape" />
71-->src\main\AndroidManifest.xml:42:13-50
72        <activity
72-->src\main\AndroidManifest.xml:44:9-47:53
73            android:name="com.temi.rhythmgame.ResultActivity"
73-->src\main\AndroidManifest.xml:45:13-43
74            android:exported="false"
74-->src\main\AndroidManifest.xml:46:13-37
75            android:screenOrientation="landscape" />
75-->src\main\AndroidManifest.xml:47:13-50
76        <activity
76-->src\main\AndroidManifest.xml:49:9-54:53
77            android:name="com.temi.rhythmgame.AlarmActivity"
77-->src\main\AndroidManifest.xml:50:13-42
78            android:exported="false"
78-->src\main\AndroidManifest.xml:51:13-37
79            android:screenOrientation="landscape"
79-->src\main\AndroidManifest.xml:54:13-50
80            android:showOnLockScreen="true"
80-->src\main\AndroidManifest.xml:52:13-44
81            android:turnScreenOn="true" />
81-->src\main\AndroidManifest.xml:53:13-40
82
83        <receiver android:name="com.temi.rhythmgame.AlarmReceiver" />
83-->src\main\AndroidManifest.xml:56:9-51
83-->src\main\AndroidManifest.xml:56:19-48
84
85        <activity
85-->src\main\AndroidManifest.xml:58:9-60:53
86            android:name="com.temi.rhythmgame.MedicationActivity"
86-->src\main\AndroidManifest.xml:59:13-47
87            android:screenOrientation="landscape" />
87-->src\main\AndroidManifest.xml:60:13-50
88
89        <receiver
89-->src\main\AndroidManifest.xml:63:9-65:39
90            android:name="com.temi.rhythmgame.MedicationAlarmReceiver"
90-->src\main\AndroidManifest.xml:64:13-52
91            android:exported="false" />
91-->src\main\AndroidManifest.xml:65:13-37
92
93        <activity
93-->src\main\AndroidManifest.xml:67:9-70:53
94            android:name="com.temi.rhythmgame.BatteryReturnActivity"
94-->src\main\AndroidManifest.xml:68:13-50
95            android:exported="false"
95-->src\main\AndroidManifest.xml:69:13-37
96            android:screenOrientation="landscape" />
96-->src\main\AndroidManifest.xml:70:13-50
97        <activity
97-->src\main\AndroidManifest.xml:72:9-75:53
98            android:name="com.temi.rhythmgame.PoseAnalysisActivity"
98-->src\main\AndroidManifest.xml:73:13-49
99            android:exported="false"
99-->src\main\AndroidManifest.xml:74:13-37
100            android:screenOrientation="landscape" />
100-->src\main\AndroidManifest.xml:75:13-50
101        <activity
101-->src\main\AndroidManifest.xml:77:9-82:53
102            android:name="com.temi.rhythmgame.PatrolActivity"
102-->src\main\AndroidManifest.xml:78:13-43
103            android:exported="false"
103-->src\main\AndroidManifest.xml:79:13-37
104            android:screenOrientation="landscape"
104-->src\main\AndroidManifest.xml:82:13-50
105            android:showOnLockScreen="true"
105-->src\main\AndroidManifest.xml:80:13-44
106            android:turnScreenOn="true" />
106-->src\main\AndroidManifest.xml:81:13-40
107
108        <receiver
108-->src\main\AndroidManifest.xml:84:9-86:40
109            android:name="com.temi.rhythmgame.PatrolReceiver"
109-->src\main\AndroidManifest.xml:85:13-43
110            android:exported="false" />
110-->src\main\AndroidManifest.xml:86:13-37
111
112        <service
112-->[androidx.camera:camera-camera2:1.3.1] AndroidManifest.xml:24:9-33:19
113            android:name="androidx.camera.core.impl.MetadataHolderService"
113-->[androidx.camera:camera-camera2:1.3.1] AndroidManifest.xml:25:13-75
114            android:enabled="false"
114-->[androidx.camera:camera-camera2:1.3.1] AndroidManifest.xml:26:13-36
115            android:exported="false" >
115-->[androidx.camera:camera-camera2:1.3.1] AndroidManifest.xml:27:13-37
116            <meta-data
116-->[androidx.camera:camera-camera2:1.3.1] AndroidManifest.xml:30:13-32:89
117                android:name="androidx.camera.core.impl.MetadataHolderService.DEFAULT_CONFIG_PROVIDER"
117-->[androidx.camera:camera-camera2:1.3.1] AndroidManifest.xml:31:17-103
118                android:value="androidx.camera.camera2.Camera2Config$DefaultProvider" />
118-->[androidx.camera:camera-camera2:1.3.1] AndroidManifest.xml:32:17-86
119        </service>
120
121        <provider
121-->[com.robotemi:sdk:1.137.1] AndroidManifest.xml:15:9-19:40
122            android:name="com.robotemi.sdk.TemiSdkContentProvider"
122-->[com.robotemi:sdk:1.137.1] AndroidManifest.xml:16:13-67
123            android:authorities="com.temi.rhythmgame.com.robotemi.sdk"
123-->[com.robotemi:sdk:1.137.1] AndroidManifest.xml:17:13-68
124            android:enabled="true"
124-->[com.robotemi:sdk:1.137.1] AndroidManifest.xml:18:13-35
125            android:exported="false" />
125-->[com.robotemi:sdk:1.137.1] AndroidManifest.xml:19:13-37
126
127        <service
127-->[com.google.firebase:firebase-database:20.3.1] AndroidManifest.xml:26:9-35:19
128            android:name="com.google.firebase.components.ComponentDiscoveryService"
128-->[com.google.firebase:firebase-database:20.3.1] AndroidManifest.xml:27:13-84
129            android:directBootAware="true"
129-->[com.google.firebase:firebase-common:20.4.3] AndroidManifest.xml:32:13-43
130            android:exported="false" >
130-->[com.google.firebase:firebase-database:20.3.1] AndroidManifest.xml:28:13-37
131            <meta-data
131-->[com.google.firebase:firebase-database:20.3.1] AndroidManifest.xml:29:13-31:85
132                android:name="com.google.firebase.components:com.google.firebase.database.FirebaseDatabaseKtxRegistrar"
132-->[com.google.firebase:firebase-database:20.3.1] AndroidManifest.xml:30:17-120
133                android:value="com.google.firebase.components.ComponentRegistrar" />
133-->[com.google.firebase:firebase-database:20.3.1] AndroidManifest.xml:31:17-82
134            <meta-data
134-->[com.google.firebase:firebase-database:20.3.1] AndroidManifest.xml:32:13-34:85
135                android:name="com.google.firebase.components:com.google.firebase.database.DatabaseRegistrar"
135-->[com.google.firebase:firebase-database:20.3.1] AndroidManifest.xml:33:17-109
136                android:value="com.google.firebase.components.ComponentRegistrar" />
136-->[com.google.firebase:firebase-database:20.3.1] AndroidManifest.xml:34:17-82
137            <meta-data
137-->[com.google.firebase:firebase-common-ktx:20.4.3] AndroidManifest.xml:12:13-14:85
138                android:name="com.google.firebase.components:com.google.firebase.ktx.FirebaseCommonLegacyRegistrar"
138-->[com.google.firebase:firebase-common-ktx:20.4.3] AndroidManifest.xml:13:17-116
139                android:value="com.google.firebase.components.ComponentRegistrar" />
139-->[com.google.firebase:firebase-common-ktx:20.4.3] AndroidManifest.xml:14:17-82
140            <meta-data
140-->[com.google.firebase:firebase-common:20.4.3] AndroidManifest.xml:35:13-37:85
141                android:name="com.google.firebase.components:com.google.firebase.FirebaseCommonKtxRegistrar"
141-->[com.google.firebase:firebase-common:20.4.3] AndroidManifest.xml:36:17-109
142                android:value="com.google.firebase.components.ComponentRegistrar" />
142-->[com.google.firebase:firebase-common:20.4.3] AndroidManifest.xml:37:17-82
143        </service>
144
145        <provider
145-->[com.google.firebase:firebase-common:20.4.3] AndroidManifest.xml:23:9-28:39
146            android:name="com.google.firebase.provider.FirebaseInitProvider"
146-->[com.google.firebase:firebase-common:20.4.3] AndroidManifest.xml:24:13-77
147            android:authorities="com.temi.rhythmgame.firebaseinitprovider"
147-->[com.google.firebase:firebase-common:20.4.3] AndroidManifest.xml:25:13-72
148            android:directBootAware="true"
148-->[com.google.firebase:firebase-common:20.4.3] AndroidManifest.xml:26:13-43
149            android:exported="false"
149-->[com.google.firebase:firebase-common:20.4.3] AndroidManifest.xml:27:13-37
150            android:initOrder="100" />
150-->[com.google.firebase:firebase-common:20.4.3] AndroidManifest.xml:28:13-36
151
152        <activity
152-->[com.google.android.gms:play-services-base:18.1.0] AndroidManifest.xml:20:9-22:45
153            android:name="com.google.android.gms.common.api.GoogleApiActivity"
153-->[com.google.android.gms:play-services-base:18.1.0] AndroidManifest.xml:20:19-85
154            android:exported="false"
154-->[com.google.android.gms:play-services-base:18.1.0] AndroidManifest.xml:22:19-43
155            android:theme="@android:style/Theme.Translucent.NoTitleBar" />
155-->[com.google.android.gms:play-services-base:18.1.0] AndroidManifest.xml:21:19-78
156
157        <meta-data
157-->[com.google.android.gms:play-services-basement:18.3.0] AndroidManifest.xml:21:9-23:69
158            android:name="com.google.android.gms.version"
158-->[com.google.android.gms:play-services-basement:18.3.0] AndroidManifest.xml:22:13-58
159            android:value="@integer/google_play_services_version" />
159-->[com.google.android.gms:play-services-basement:18.3.0] AndroidManifest.xml:23:13-66
160
161        <provider
161-->[androidx.emoji2:emoji2:1.2.0] AndroidManifest.xml:24:9-32:20
162            android:name="androidx.startup.InitializationProvider"
162-->[androidx.emoji2:emoji2:1.2.0] AndroidManifest.xml:25:13-67
163            android:authorities="com.temi.rhythmgame.androidx-startup"
163-->[androidx.emoji2:emoji2:1.2.0] AndroidManifest.xml:26:13-68
164            android:exported="false" >
164-->[androidx.emoji2:emoji2:1.2.0] AndroidManifest.xml:27:13-37
165            <meta-data
165-->[androidx.emoji2:emoji2:1.2.0] AndroidManifest.xml:29:13-31:52
166                android:name="androidx.emoji2.text.EmojiCompatInitializer"
166-->[androidx.emoji2:emoji2:1.2.0] AndroidManifest.xml:30:17-75
167                android:value="androidx.startup" />
167-->[androidx.emoji2:emoji2:1.2.0] AndroidManifest.xml:31:17-49
168            <meta-data
168-->[androidx.lifecycle:lifecycle-process:2.4.1] AndroidManifest.xml:31:13-33:52
169                android:name="androidx.lifecycle.ProcessLifecycleInitializer"
169-->[androidx.lifecycle:lifecycle-process:2.4.1] AndroidManifest.xml:32:17-78
170                android:value="androidx.startup" />
170-->[androidx.lifecycle:lifecycle-process:2.4.1] AndroidManifest.xml:33:17-49
171        </provider>
172    </application>
173
174</manifest>